0 info it worked if it ends with ok
1 verbose cli [ 'node', '/usr/local/bin/npm', 'install', '-g', 'ios-deploy' ]
2 info using npm@1.4.28
3 info using node@v0.10.33
4 verbose cache add [ 'ios-deploy', null ]
5 verbose cache add name=undefined spec="ios-deploy" args=["ios-deploy",null]
6 verbose parsed url { protocol: null,
6 verbose parsed url   slashes: null,
6 verbose parsed url   auth: null,
6 verbose parsed url   host: null,
6 verbose parsed url   port: null,
6 verbose parsed url   hostname: null,
6 verbose parsed url   hash: null,
6 verbose parsed url   search: null,
6 verbose parsed url   query: null,
6 verbose parsed url   pathname: 'ios-deploy',
6 verbose parsed url   path: 'ios-deploy',
6 verbose parsed url   href: 'ios-deploy' }
7 silly lockFile 69149c11-ios-deploy ios-deploy
8 verbose lock ios-deploy /Users/claudiomorgia/.npm/69149c11-ios-deploy.lock
9 silly lockFile 69149c11-ios-deploy ios-deploy
10 silly lockFile 69149c11-ios-deploy ios-deploy
11 verbose addNamed [ 'ios-deploy', '' ]
12 verbose addNamed [ null, '*' ]
13 silly lockFile 9c508a6b-ios-deploy ios-deploy@
14 verbose lock ios-deploy@ /Users/claudiomorgia/.npm/9c508a6b-ios-deploy.lock
15 silly addNameRange { name: 'ios-deploy', range: '*', hasData: false }
16 verbose request where is /ios-deploy
17 verbose request registry https://registry.npmjs.org/
18 verbose request id fcc6a1fbedc97161
19 verbose url raw /ios-deploy
20 verbose url resolving [ 'https://registry.npmjs.org/', './ios-deploy' ]
21 verbose url resolved https://registry.npmjs.org/ios-deploy
22 verbose request where is https://registry.npmjs.org/ios-deploy
23 info trying registry request attempt 1 at 23:11:09
24 verbose etag "4BVZDI35PTW2AJYEDUWWI7RKO"
25 http GET https://registry.npmjs.org/ios-deploy
26 http 200 https://registry.npmjs.org/ios-deploy
27 silly registry.get cb [ 200,
27 silly registry.get   { date: 'Sun, 15 Mar 2015 22:11:09 GMT',
27 silly registry.get     server: 'CouchDB/1.6.1 (Erlang OTP/R14B04)',
27 silly registry.get     etag: '"41G68TKKYGSN5OACY2XQABNID"',
27 silly registry.get     'content-type': 'application/json',
27 silly registry.get     'cache-control': 'max-age=60',
27 silly registry.get     'content-length': '19336',
27 silly registry.get     'accept-ranges': 'bytes',
27 silly registry.get     via: '1.1 varnish',
27 silly registry.get     age: '0',
27 silly registry.get     'x-served-by': 'cache-fra1241-FRA',
27 silly registry.get     'x-cache': 'MISS',
27 silly registry.get     'x-cache-hits': '0',
27 silly registry.get     'x-timer': 'S1426457469.380964,VS0,VE98',
27 silly registry.get     vary: 'Accept',
27 silly registry.get     'keep-alive': 'timeout=10, max=50',
27 silly registry.get     connection: 'Keep-Alive' } ]
28 silly addNameRange number 2 { name: 'ios-deploy', range: '*', hasData: true }
29 silly addNameRange versions [ 'ios-deploy',
29 silly addNameRange   [ '1.0.1',
29 silly addNameRange     '1.0.2',
29 silly addNameRange     '1.0.3',
29 silly addNameRange     '1.0.4',
29 silly addNameRange     '1.0.5',
29 silly addNameRange     '1.0.6',
29 silly addNameRange     '1.0.7',
29 silly addNameRange     '1.0.8',
29 silly addNameRange     '1.0.9',
29 silly addNameRange     '1.1.0',
29 silly addNameRange     '1.2.0',
29 silly addNameRange     '1.3.0',
29 silly addNameRange     '1.3.1',
29 silly addNameRange     '1.3.2',
29 silly addNameRange     '1.4.0' ] ]
30 verbose addNamed [ 'ios-deploy', '1.4.0' ]
31 verbose addNamed [ '1.4.0', '1.4.0' ]
32 silly lockFile 5bf893e8-ios-deploy-1-4-0 ios-deploy@1.4.0
33 verbose lock ios-deploy@1.4.0 /Users/claudiomorgia/.npm/5bf893e8-ios-deploy-1-4-0.lock
34 silly lockFile 948e6a27--ios-deploy-ios-deploy-1-4-0-tgz https://registry.npmjs.org/ios-deploy/-/ios-deploy-1.4.0.tgz
35 verbose lock https://registry.npmjs.org/ios-deploy/-/ios-deploy-1.4.0.tgz /Users/claudiomorgia/.npm/948e6a27--ios-deploy-ios-deploy-1-4-0-tgz.lock
36 verbose addRemoteTarball [ 'https://registry.npmjs.org/ios-deploy/-/ios-deploy-1.4.0.tgz',
36 verbose addRemoteTarball   '94599f8082711af072bee1b67f01d10a34c168ef' ]
37 info retry fetch attempt 1 at 23:11:09
38 verbose fetch to= /var/folders/tw/cwjyln0n65n4kx31sssqpb8r0000gn/T/npm-11829-vyR3RuCI/registry.npmjs.org/ios-deploy/-/ios-deploy-1.4.0.tgz
39 http GET https://registry.npmjs.org/ios-deploy/-/ios-deploy-1.4.0.tgz
40 http 200 https://registry.npmjs.org/ios-deploy/-/ios-deploy-1.4.0.tgz
41 silly lockFile 948e6a27--ios-deploy-ios-deploy-1-4-0-tgz https://registry.npmjs.org/ios-deploy/-/ios-deploy-1.4.0.tgz
42 silly lockFile 948e6a27--ios-deploy-ios-deploy-1-4-0-tgz https://registry.npmjs.org/ios-deploy/-/ios-deploy-1.4.0.tgz
43 silly lockFile 5bf893e8-ios-deploy-1-4-0 ios-deploy@1.4.0
44 silly lockFile 5bf893e8-ios-deploy-1-4-0 ios-deploy@1.4.0
45 silly lockFile 9c508a6b-ios-deploy ios-deploy@
46 silly lockFile 9c508a6b-ios-deploy ios-deploy@
47 error Error: EACCES, mkdir '/Users/claudiomorgia/.npm/ios-deploy/1.4.0'
47 error  { [Error: EACCES, mkdir '/Users/claudiomorgia/.npm/ios-deploy/1.4.0']
47 error   errno: 3,
47 error   code: 'EACCES',
47 error   path: '/Users/claudiomorgia/.npm/ios-deploy/1.4.0' }
48 error Please try running this command again as root/Administrator.
49 error System Darwin 14.1.0
50 error command "node" "/usr/local/bin/npm" "install" "-g" "ios-deploy"
51 error cwd /Users/claudiomorgia/devel/Indico/forks/indico-checkin
52 error node -v v0.10.33
53 error npm -v 1.4.28
54 error path /Users/claudiomorgia/.npm/ios-deploy/1.4.0
55 error code EACCES
56 error errno 3
57 error stack Error: EACCES, mkdir '/Users/claudiomorgia/.npm/ios-deploy/1.4.0'
58 verbose exit [ 3, true ]
